[2.502s] Invoking command in '/home/jetson/flowbit/build/flowbit_nav': PYTHONPATH=/home/jetson/flowbit/build/flowbit_nav/prefix_override:/usr/lib/python3/dist-packages/colcon_core/task/python/colcon_distutils_commands:/home/jetson/flowbit/install/flowbit_nav/lib/python3.10/site-packages:${PYTHONPATH} /usr/bin/python3 -W ignore:setup.py install is deprecated -W ignore:easy_install command is deprecated setup.py develop --editable --build-directory /home/jetson/flowbit/build/flowbit_nav/build --no-deps symlink_data
[2.944s] /home/jetson/.local/lib/python3.10/site-packages/setuptools/_distutils/dist.py:270: UserWarning: Unknown distribution option: 'tests_require'
[2.944s]   warnings.warn(msg)
[3.480s] running develop
[4.179s] running egg_info
[4.233s] writing flowbit_nav.egg-info/PKG-INFO
[4.236s] writing dependency_links to flowbit_nav.egg-info/dependency_links.txt
[4.237s] writing entry points to flowbit_nav.egg-info/entry_points.txt
[4.237s] writing requirements to flowbit_nav.egg-info/requires.txt
[4.238s] writing top-level names to flowbit_nav.egg-info/top_level.txt
[4.343s] reading manifest file 'flowbit_nav.egg-info/SOURCES.txt'
[4.345s] writing manifest file 'flowbit_nav.egg-info/SOURCES.txt'
[4.402s] running build_ext
[4.403s] Creating /home/jetson/flowbit/install/flowbit_nav/lib/python3.10/site-packages/flowbit-nav.egg-link (link to .)
[4.405s] Installing destination_controller script to /home/jetson/flowbit/install/flowbit_nav/lib/flowbit_nav
[4.406s] Installing flowbit_nav script to /home/jetson/flowbit/install/flowbit_nav/lib/flowbit_nav
[4.406s] Installing goal_pose_pub script to /home/jetson/flowbit/install/flowbit_nav/lib/flowbit_nav
[4.406s] Installing initialpose_pub script to /home/jetson/flowbit/install/flowbit_nav/lib/flowbit_nav
[4.407s] 
[4.407s] Installed /home/jetson/flowbit/build/flowbit_nav
[4.407s] running symlink_data
[4.537s] Invoked command in '/home/jetson/flowbit/build/flowbit_nav' returned '0': PYTHONPATH=/home/jetson/flowbit/build/flowbit_nav/prefix_override:/usr/lib/python3/dist-packages/colcon_core/task/python/colcon_distutils_commands:/home/jetson/flowbit/install/flowbit_nav/lib/python3.10/site-packages:${PYTHONPATH} /usr/bin/python3 -W ignore:setup.py install is deprecated -W ignore:easy_install command is deprecated setup.py develop --editable --build-directory /home/jetson/flowbit/build/flowbit_nav/build --no-deps symlink_data
