[2.199s] Invoking command in '/home/jetson/flowbit/build/flowbit_nav': PYTHONPATH=/home/jetson/flowbit/build/flowbit_nav/prefix_override:/usr/lib/python3/dist-packages/colcon_core/task/python/colcon_distutils_commands:/home/jetson/flowbit/install/flowbit_nav/lib/python3.10/site-packages:${PYTHONPATH} /usr/bin/python3 -W ignore:setup.py install is deprecated -W ignore:easy_install command is deprecated setup.py develop --editable --build-directory /home/jetson/flowbit/build/flowbit_nav/build --no-deps symlink_data
[2.627s] /home/jetson/.local/lib/python3.10/site-packages/setuptools/_distutils/dist.py:270: UserWarning: Unknown distribution option: 'tests_require'
[2.627s]   warnings.warn(msg)
[3.155s] running develop
[3.848s] running egg_info
[3.901s] writing flowbit_nav.egg-info/PKG-INFO
[3.902s] writing dependency_links to flowbit_nav.egg-info/dependency_links.txt
[3.902s] writing entry points to flowbit_nav.egg-info/entry_points.txt
[3.902s] writing requirements to flowbit_nav.egg-info/requires.txt
[3.903s] writing top-level names to flowbit_nav.egg-info/top_level.txt
[4.009s] reading manifest file 'flowbit_nav.egg-info/SOURCES.txt'
[4.012s] writing manifest file 'flowbit_nav.egg-info/SOURCES.txt'
[4.068s] running build_ext
[4.068s] Creating /home/jetson/flowbit/install/flowbit_nav/lib/python3.10/site-packages/flowbit-nav.egg-link (link to .)
[4.070s] Installing flowbit_nav script to /home/jetson/flowbit/install/flowbit_nav/lib/flowbit_nav
[4.071s] Installing goal_pose_pub script to /home/jetson/flowbit/install/flowbit_nav/lib/flowbit_nav
[4.071s] Installing initialpose_pub script to /home/jetson/flowbit/install/flowbit_nav/lib/flowbit_nav
[4.074s] 
[4.074s] Installed /home/jetson/flowbit/build/flowbit_nav
[4.075s] running symlink_data
[4.203s] Invoked command in '/home/jetson/flowbit/build/flowbit_nav' returned '0': PYTHONPATH=/home/jetson/flowbit/build/flowbit_nav/prefix_override:/usr/lib/python3/dist-packages/colcon_core/task/python/colcon_distutils_commands:/home/jetson/flowbit/install/flowbit_nav/lib/python3.10/site-packages:${PYTHONPATH} /usr/bin/python3 -W ignore:setup.py install is deprecated -W ignore:easy_install command is deprecated setup.py develop --editable --build-directory /home/jetson/flowbit/build/flowbit_nav/build --no-deps symlink_data
