[2.143s] Invoking command in '/home/jetson/flowbit/build/flowbit_nav': PYTHONPATH=/home/jetson/flowbit/build/flowbit_nav/prefix_override:/usr/lib/python3/dist-packages/colcon_core/task/python/colcon_distutils_commands:/home/jetson/flowbit/install/flowbit_nav/lib/python3.10/site-packages:${PYTHONPATH} /usr/bin/python3 -W ignore:setup.py install is deprecated -W ignore:easy_install command is deprecated setup.py develop --editable --build-directory /home/jetson/flowbit/build/flowbit_nav/build --no-deps symlink_data
[2.523s] /home/jetson/.local/lib/python3.10/site-packages/setuptools/_distutils/dist.py:270: UserWarning: Unknown distribution option: 'tests_require'
[2.523s]   warnings.warn(msg)
[3.009s] running develop
[3.656s] running egg_info
[3.706s] writing flowbit_nav.egg-info/PKG-INFO
[3.707s] writing dependency_links to flowbit_nav.egg-info/dependency_links.txt
[3.708s] writing entry points to flowbit_nav.egg-info/entry_points.txt
[3.708s] writing requirements to flowbit_nav.egg-info/requires.txt
[3.709s] writing top-level names to flowbit_nav.egg-info/top_level.txt
[3.807s] reading manifest file 'flowbit_nav.egg-info/SOURCES.txt'
[3.809s] writing manifest file 'flowbit_nav.egg-info/SOURCES.txt'
[3.861s] running build_ext
[3.861s] Creating /home/jetson/flowbit/install/flowbit_nav/lib/python3.10/site-packages/flowbit-nav.egg-link (link to .)
[3.863s] Installing flowbit_nav script to /home/jetson/flowbit/install/flowbit_nav/lib/flowbit_nav
[3.864s] Installing goal_pose_pub script to /home/jetson/flowbit/install/flowbit_nav/lib/flowbit_nav
[3.864s] Installing initialpose_pub script to /home/jetson/flowbit/install/flowbit_nav/lib/flowbit_nav
[3.864s] 
[3.865s] Installed /home/jetson/flowbit/build/flowbit_nav
[3.865s] running symlink_data
[3.965s] Invoked command in '/home/jetson/flowbit/build/flowbit_nav' returned '0': PYTHONPATH=/home/jetson/flowbit/build/flowbit_nav/prefix_override:/usr/lib/python3/dist-packages/colcon_core/task/python/colcon_distutils_commands:/home/jetson/flowbit/install/flowbit_nav/lib/python3.10/site-packages:${PYTHONPATH} /usr/bin/python3 -W ignore:setup.py install is deprecated -W ignore:easy_install command is deprecated setup.py develop --editable --build-directory /home/jetson/flowbit/build/flowbit_nav/build --no-deps symlink_data
