[2.380s] Invoking command in '/home/jetson/flowbit/build/flowbit_nav': PYTHONPATH=/home/jetson/flowbit/build/flowbit_nav/prefix_override:/usr/lib/python3/dist-packages/colcon_core/task/python/colcon_distutils_commands:/home/jetson/flowbit/install/flowbit_nav/lib/python3.10/site-packages:${PYTHONPATH} /usr/bin/python3 -W ignore:setup.py install is deprecated -W ignore:easy_install command is deprecated setup.py develop --editable --build-directory /home/jetson/flowbit/build/flowbit_nav/build --no-deps symlink_data
[2.799s] /home/jetson/.local/lib/python3.10/site-packages/setuptools/_distutils/dist.py:270: UserWarning: Unknown distribution option: 'tests_require'
[2.800s]   warnings.warn(msg)
[3.316s] running develop
[3.996s] running egg_info
[4.049s] writing flowbit_nav.egg-info/PKG-INFO
[4.049s] writing dependency_links to flowbit_nav.egg-info/dependency_links.txt
[4.050s] writing entry points to flowbit_nav.egg-info/entry_points.txt
[4.050s] writing requirements to flowbit_nav.egg-info/requires.txt
[4.050s] writing top-level names to flowbit_nav.egg-info/top_level.txt
[4.156s] reading manifest file 'flowbit_nav.egg-info/SOURCES.txt'
[4.159s] writing manifest file 'flowbit_nav.egg-info/SOURCES.txt'
[4.216s] running build_ext
[4.216s] Creating /home/jetson/flowbit/install/flowbit_nav/lib/python3.10/site-packages/flowbit-nav.egg-link (link to .)
[4.218s] Installing flowbit_nav script to /home/jetson/flowbit/install/flowbit_nav/lib/flowbit_nav
[4.218s] Installing goal_pose_pub script to /home/jetson/flowbit/install/flowbit_nav/lib/flowbit_nav
[4.219s] Installing initialpose_pub script to /home/jetson/flowbit/install/flowbit_nav/lib/flowbit_nav
[4.219s] 
[4.219s] Installed /home/jetson/flowbit/build/flowbit_nav
[4.219s] running symlink_data
[4.336s] Invoked command in '/home/jetson/flowbit/build/flowbit_nav' returned '0': PYTHONPATH=/home/jetson/flowbit/build/flowbit_nav/prefix_override:/usr/lib/python3/dist-packages/colcon_core/task/python/colcon_distutils_commands:/home/jetson/flowbit/install/flowbit_nav/lib/python3.10/site-packages:${PYTHONPATH} /usr/bin/python3 -W ignore:setup.py install is deprecated -W ignore:easy_install command is deprecated setup.py develop --editable --build-directory /home/jetson/flowbit/build/flowbit_nav/build --no-deps symlink_data
