[2.145s] Invoking command in '/home/jetson/flowbit/build/flowbit_nav': PYTHONPATH=/home/jetson/flowbit/build/flowbit_nav/prefix_override:/usr/lib/python3/dist-packages/colcon_core/task/python/colcon_distutils_commands:/home/jetson/flowbit/install/flowbit_nav/lib/python3.10/site-packages:${PYTHONPATH} /usr/bin/python3 -W ignore:setup.py install is deprecated -W ignore:easy_install command is deprecated setup.py develop --editable --build-directory /home/jetson/flowbit/build/flowbit_nav/build --no-deps symlink_data
[2.564s] /home/jetson/.local/lib/python3.10/site-packages/setuptools/_distutils/dist.py:270: UserWarning: Unknown distribution option: 'tests_require'
[2.564s]   warnings.warn(msg)
[3.079s] running develop
[3.758s] running egg_info
[3.812s] writing flowbit_nav.egg-info/PKG-INFO
[3.813s] writing dependency_links to flowbit_nav.egg-info/dependency_links.txt
[3.813s] writing entry points to flowbit_nav.egg-info/entry_points.txt
[3.813s] writing requirements to flowbit_nav.egg-info/requires.txt
[3.814s] writing top-level names to flowbit_nav.egg-info/top_level.txt
[3.919s] reading manifest file 'flowbit_nav.egg-info/SOURCES.txt'
[3.921s] writing manifest file 'flowbit_nav.egg-info/SOURCES.txt'
[3.976s] running build_ext
[3.976s] Creating /home/jetson/flowbit/install/flowbit_nav/lib/python3.10/site-packages/flowbit-nav.egg-link (link to .)
[3.978s] Installing flowbit_nav script to /home/jetson/flowbit/install/flowbit_nav/lib/flowbit_nav
[3.979s] Installing goal_pose_pub script to /home/jetson/flowbit/install/flowbit_nav/lib/flowbit_nav
[3.979s] Installing initialpose_pub script to /home/jetson/flowbit/install/flowbit_nav/lib/flowbit_nav
[3.979s] 
[3.980s] Installed /home/jetson/flowbit/build/flowbit_nav
[3.980s] running symlink_data
[4.100s] Invoked command in '/home/jetson/flowbit/build/flowbit_nav' returned '0': PYTHONPATH=/home/jetson/flowbit/build/flowbit_nav/prefix_override:/usr/lib/python3/dist-packages/colcon_core/task/python/colcon_distutils_commands:/home/jetson/flowbit/install/flowbit_nav/lib/python3.10/site-packages:${PYTHONPATH} /usr/bin/python3 -W ignore:setup.py install is deprecated -W ignore:easy_install command is deprecated setup.py develop --editable --build-directory /home/jetson/flowbit/build/flowbit_nav/build --no-deps symlink_data
