[2.136s] Invoking command in '/home/jetson/flowbit/build/flowbit_nav': PYTHONPATH=/home/jetson/flowbit/build/flowbit_nav/prefix_override:/usr/lib/python3/dist-packages/colcon_core/task/python/colcon_distutils_commands:/home/jetson/flowbit/install/flowbit_nav/lib/python3.10/site-packages:${PYTHONPATH} /usr/bin/python3 -W ignore:setup.py install is deprecated -W ignore:easy_install command is deprecated setup.py develop --editable --build-directory /home/jetson/flowbit/build/flowbit_nav/build --no-deps symlink_data
[2.568s] /home/jetson/.local/lib/python3.10/site-packages/setuptools/_distutils/dist.py:270: UserWarning: Unknown distribution option: 'tests_require'
[2.568s]   warnings.warn(msg)
[3.075s] running develop
[3.747s] running egg_info
[3.799s] creating flowbit_nav.egg-info
[3.800s] writing flowbit_nav.egg-info/PKG-INFO
[3.803s] writing dependency_links to flowbit_nav.egg-info/dependency_links.txt
[3.803s] writing entry points to flowbit_nav.egg-info/entry_points.txt
[3.803s] writing requirements to flowbit_nav.egg-info/requires.txt
[3.803s] writing top-level names to flowbit_nav.egg-info/top_level.txt
[3.803s] writing manifest file 'flowbit_nav.egg-info/SOURCES.txt'
[3.906s] reading manifest file 'flowbit_nav.egg-info/SOURCES.txt'
[3.908s] writing manifest file 'flowbit_nav.egg-info/SOURCES.txt'
[3.963s] running build_ext
[3.963s] Creating /home/jetson/flowbit/install/flowbit_nav/lib/python3.10/site-packages/flowbit-nav.egg-link (link to .)
[3.965s] Installing flowbit_nav script to /home/jetson/flowbit/install/flowbit_nav/lib/flowbit_nav
[3.966s] 
[3.966s] Installed /home/jetson/flowbit/build/flowbit_nav
[3.966s] running symlink_data
[3.966s] creating /home/jetson/flowbit/install/flowbit_nav/share/ament_index/resource_index/packages
[3.967s] symbolically linking /home/jetson/flowbit/build/flowbit_nav/resource/flowbit_nav -> /home/jetson/flowbit/install/flowbit_nav/share/ament_index/resource_index/packages
[3.967s] symbolically linking /home/jetson/flowbit/build/flowbit_nav/package.xml -> /home/jetson/flowbit/install/flowbit_nav/share/flowbit_nav
[4.079s] Invoked command in '/home/jetson/flowbit/build/flowbit_nav' returned '0': PYTHONPATH=/home/jetson/flowbit/build/flowbit_nav/prefix_override:/usr/lib/python3/dist-packages/colcon_core/task/python/colcon_distutils_commands:/home/jetson/flowbit/install/flowbit_nav/lib/python3.10/site-packages:${PYTHONPATH} /usr/bin/python3 -W ignore:setup.py install is deprecated -W ignore:easy_install command is deprecated setup.py develop --editable --build-directory /home/jetson/flowbit/build/flowbit_nav/build --no-deps symlink_data
