[2.131s] Invoking command in '/home/jetson/flowbit/build/flowbit_nav': PYTHONPATH=/home/jetson/flowbit/build/flowbit_nav/prefix_override:/usr/lib/python3/dist-packages/colcon_core/task/python/colcon_distutils_commands:/home/jetson/flowbit/install/flowbit_nav/lib/python3.10/site-packages:${PYTHONPATH} /usr/bin/python3 -W ignore:setup.py install is deprecated -W ignore:easy_install command is deprecated setup.py develop --editable --build-directory /home/jetson/flowbit/build/flowbit_nav/build --no-deps symlink_data
[2.543s] /home/jetson/.local/lib/python3.10/site-packages/setuptools/_distutils/dist.py:270: UserWarning: Unknown distribution option: 'tests_require'
[2.543s]   warnings.warn(msg)
[3.055s] running develop
[3.732s] running egg_info
[3.785s] writing flowbit_nav.egg-info/PKG-INFO
[3.786s] writing dependency_links to flowbit_nav.egg-info/dependency_links.txt
[3.787s] writing entry points to flowbit_nav.egg-info/entry_points.txt
[3.787s] writing requirements to flowbit_nav.egg-info/requires.txt
[3.788s] writing top-level names to flowbit_nav.egg-info/top_level.txt
[3.893s] reading manifest file 'flowbit_nav.egg-info/SOURCES.txt'
[3.895s] writing manifest file 'flowbit_nav.egg-info/SOURCES.txt'
[3.952s] running build_ext
[3.952s] Creating /home/jetson/flowbit/install/flowbit_nav/lib/python3.10/site-packages/flowbit-nav.egg-link (link to .)
[3.954s] Installing flowbit_nav script to /home/jetson/flowbit/install/flowbit_nav/lib/flowbit_nav
[3.955s] Installing goal_pose_pub script to /home/jetson/flowbit/install/flowbit_nav/lib/flowbit_nav
[3.955s] Installing initialpose_pub script to /home/jetson/flowbit/install/flowbit_nav/lib/flowbit_nav
[3.956s] 
[3.956s] Installed /home/jetson/flowbit/build/flowbit_nav
[3.956s] running symlink_data
[4.076s] Invoked command in '/home/jetson/flowbit/build/flowbit_nav' returned '0': PYTHONPATH=/home/jetson/flowbit/build/flowbit_nav/prefix_override:/usr/lib/python3/dist-packages/colcon_core/task/python/colcon_distutils_commands:/home/jetson/flowbit/install/flowbit_nav/lib/python3.10/site-packages:${PYTHONPATH} /usr/bin/python3 -W ignore:setup.py install is deprecated -W ignore:easy_install command is deprecated setup.py develop --editable --build-directory /home/jetson/flowbit/build/flowbit_nav/build --no-deps symlink_data
