[2.309s] Invoking command in '/home/jetson/flowbit/build/flowbit_nav': PYTHONPATH=/home/jetson/flowbit/build/flowbit_nav/prefix_override:/usr/lib/python3/dist-packages/colcon_core/task/python/colcon_distutils_commands:/home/jetson/flowbit/install/flowbit_nav/lib/python3.10/site-packages:${PYTHONPATH} /usr/bin/python3 -W ignore:setup.py install is deprecated -W ignore:easy_install command is deprecated setup.py develop --editable --build-directory /home/jetson/flowbit/build/flowbit_nav/build --no-deps symlink_data
[2.742s] /home/jetson/.local/lib/python3.10/site-packages/setuptools/_distutils/dist.py:270: UserWarning: Unknown distribution option: 'tests_require'
[2.742s]   warnings.warn(msg)
[3.274s] running develop
[3.967s] running egg_info
[4.021s] writing flowbit_nav.egg-info/PKG-INFO
[4.022s] writing dependency_links to flowbit_nav.egg-info/dependency_links.txt
[4.023s] writing entry points to flowbit_nav.egg-info/entry_points.txt
[4.023s] writing requirements to flowbit_nav.egg-info/requires.txt
[4.023s] writing top-level names to flowbit_nav.egg-info/top_level.txt
[4.132s] reading manifest file 'flowbit_nav.egg-info/SOURCES.txt'
[4.134s] writing manifest file 'flowbit_nav.egg-info/SOURCES.txt'
[4.191s] running build_ext
[4.191s] Creating /home/jetson/flowbit/install/flowbit_nav/lib/python3.10/site-packages/flowbit-nav.egg-link (link to .)
[4.193s] Installing flowbit_nav script to /home/jetson/flowbit/install/flowbit_nav/lib/flowbit_nav
[4.195s] Installing goal_pose_pub script to /home/jetson/flowbit/install/flowbit_nav/lib/flowbit_nav
[4.195s] Installing initialpose_pub script to /home/jetson/flowbit/install/flowbit_nav/lib/flowbit_nav
[4.196s] 
[4.196s] Installed /home/jetson/flowbit/build/flowbit_nav
[4.196s] running symlink_data
[4.314s] Invoked command in '/home/jetson/flowbit/build/flowbit_nav' returned '0': PYTHONPATH=/home/jetson/flowbit/build/flowbit_nav/prefix_override:/usr/lib/python3/dist-packages/colcon_core/task/python/colcon_distutils_commands:/home/jetson/flowbit/install/flowbit_nav/lib/python3.10/site-packages:${PYTHONPATH} /usr/bin/python3 -W ignore:setup.py install is deprecated -W ignore:easy_install command is deprecated setup.py develop --editable --build-directory /home/jetson/flowbit/build/flowbit_nav/build --no-deps symlink_data
