[2.380s] Invoking command in '/home/jetson/flowbit/build/flowbit_nav': PYTHONPATH=/home/jetson/flowbit/build/flowbit_nav/prefix_override:/usr/lib/python3/dist-packages/colcon_core/task/python/colcon_distutils_commands:/home/jetson/flowbit/install/flowbit_nav/lib/python3.10/site-packages:${PYTHONPATH} /usr/bin/python3 -W ignore:setup.py install is deprecated -W ignore:easy_install command is deprecated setup.py develop --editable --build-directory /home/jetson/flowbit/build/flowbit_nav/build --no-deps symlink_data
[2.810s] /home/jetson/.local/lib/python3.10/site-packages/setuptools/_distutils/dist.py:270: UserWarning: Unknown distribution option: 'tests_require'
[2.810s]   warnings.warn(msg)
[3.340s] running develop
[4.037s] running egg_info
[4.091s] writing flowbit_nav.egg-info/PKG-INFO
[4.092s] writing dependency_links to flowbit_nav.egg-info/dependency_links.txt
[4.093s] writing entry points to flowbit_nav.egg-info/entry_points.txt
[4.093s] writing requirements to flowbit_nav.egg-info/requires.txt
[4.094s] writing top-level names to flowbit_nav.egg-info/top_level.txt
[4.200s] reading manifest file 'flowbit_nav.egg-info/SOURCES.txt'
[4.203s] writing manifest file 'flowbit_nav.egg-info/SOURCES.txt'
[4.260s] running build_ext
[4.260s] Creating /home/jetson/flowbit/install/flowbit_nav/lib/python3.10/site-packages/flowbit-nav.egg-link (link to .)
[4.262s] Installing destination_controller script to /home/jetson/flowbit/install/flowbit_nav/lib/flowbit_nav
[4.263s] Installing flowbit_nav script to /home/jetson/flowbit/install/flowbit_nav/lib/flowbit_nav
[4.263s] Installing goal_pose_pub script to /home/jetson/flowbit/install/flowbit_nav/lib/flowbit_nav
[4.264s] Installing initialpose_pub script to /home/jetson/flowbit/install/flowbit_nav/lib/flowbit_nav
[4.264s] Installing robot_server script to /home/jetson/flowbit/install/flowbit_nav/lib/flowbit_nav
[4.264s] 
[4.264s] Installed /home/jetson/flowbit/build/flowbit_nav
[4.265s] running symlink_data
[4.396s] Invoked command in '/home/jetson/flowbit/build/flowbit_nav' returned '0': PYTHONPATH=/home/jetson/flowbit/build/flowbit_nav/prefix_override:/usr/lib/python3/dist-packages/colcon_core/task/python/colcon_distutils_commands:/home/jetson/flowbit/install/flowbit_nav/lib/python3.10/site-packages:${PYTHONPATH} /usr/bin/python3 -W ignore:setup.py install is deprecated -W ignore:easy_install command is deprecated setup.py develop --editable --build-directory /home/jetson/flowbit/build/flowbit_nav/build --no-deps symlink_data
