[2.233s] Invoking command in '/home/jetson/flowbit/build/flowbit_nav': PYTHONPATH=/home/jetson/flowbit/build/flowbit_nav/prefix_override:/usr/lib/python3/dist-packages/colcon_core/task/python/colcon_distutils_commands:/home/jetson/flowbit/install/flowbit_nav/lib/python3.10/site-packages:${PYTHONPATH} /usr/bin/python3 -W ignore:setup.py install is deprecated -W ignore:easy_install command is deprecated setup.py develop --editable --build-directory /home/jetson/flowbit/build/flowbit_nav/build --no-deps symlink_data
[2.672s] /home/jetson/.local/lib/python3.10/site-packages/setuptools/_distutils/dist.py:270: UserWarning: Unknown distribution option: 'tests_require'
[2.672s]   warnings.warn(msg)
[3.201s] running develop
[3.894s] running egg_info
[3.948s] writing flowbit_nav.egg-info/PKG-INFO
[3.949s] writing dependency_links to flowbit_nav.egg-info/dependency_links.txt
[3.950s] writing entry points to flowbit_nav.egg-info/entry_points.txt
[3.950s] writing requirements to flowbit_nav.egg-info/requires.txt
[3.951s] writing top-level names to flowbit_nav.egg-info/top_level.txt
[4.058s] reading manifest file 'flowbit_nav.egg-info/SOURCES.txt'
[4.061s] writing manifest file 'flowbit_nav.egg-info/SOURCES.txt'
[4.119s] running build_ext
[4.119s] Creating /home/jetson/flowbit/install/flowbit_nav/lib/python3.10/site-packages/flowbit-nav.egg-link (link to .)
[4.122s] Installing flowbit_nav script to /home/jetson/flowbit/install/flowbit_nav/lib/flowbit_nav
[4.123s] Installing goal_pose_pub script to /home/jetson/flowbit/install/flowbit_nav/lib/flowbit_nav
[4.123s] Installing initialpose_pub script to /home/jetson/flowbit/install/flowbit_nav/lib/flowbit_nav
[4.125s] 
[4.125s] Installed /home/jetson/flowbit/build/flowbit_nav
[4.125s] running symlink_data
[4.249s] Invoked command in '/home/jetson/flowbit/build/flowbit_nav' returned '0': PYTHONPATH=/home/jetson/flowbit/build/flowbit_nav/prefix_override:/usr/lib/python3/dist-packages/colcon_core/task/python/colcon_distutils_commands:/home/jetson/flowbit/install/flowbit_nav/lib/python3.10/site-packages:${PYTHONPATH} /usr/bin/python3 -W ignore:setup.py install is deprecated -W ignore:easy_install command is deprecated setup.py develop --editable --build-directory /home/jetson/flowbit/build/flowbit_nav/build --no-deps symlink_data
