[2.249s] Invoking command in '/home/jetson/flowbit/build/flowbit_nav': PYTHONPATH=/home/jetson/flowbit/build/flowbit_nav/prefix_override:/usr/lib/python3/dist-packages/colcon_core/task/python/colcon_distutils_commands:/home/jetson/flowbit/install/flowbit_nav/lib/python3.10/site-packages:${PYTHONPATH} /usr/bin/python3 -W ignore:setup.py install is deprecated -W ignore:easy_install command is deprecated setup.py develop --editable --build-directory /home/jetson/flowbit/build/flowbit_nav/build --no-deps symlink_data
[2.681s] /home/jetson/.local/lib/python3.10/site-packages/setuptools/_distutils/dist.py:270: UserWarning: Unknown distribution option: 'tests_require'
[2.681s]   warnings.warn(msg)
[3.213s] running develop
[3.911s] running egg_info
[3.964s] writing flowbit_nav.egg-info/PKG-INFO
[3.966s] writing dependency_links to flowbit_nav.egg-info/dependency_links.txt
[3.966s] writing entry points to flowbit_nav.egg-info/entry_points.txt
[3.967s] writing requirements to flowbit_nav.egg-info/requires.txt
[3.968s] writing top-level names to flowbit_nav.egg-info/top_level.txt
[4.074s] reading manifest file 'flowbit_nav.egg-info/SOURCES.txt'
[4.077s] writing manifest file 'flowbit_nav.egg-info/SOURCES.txt'
[4.135s] running build_ext
[4.136s] Creating /home/jetson/flowbit/install/flowbit_nav/lib/python3.10/site-packages/flowbit-nav.egg-link (link to .)
[4.138s] Installing flowbit_nav script to /home/jetson/flowbit/install/flowbit_nav/lib/flowbit_nav
[4.138s] Installing goal_pose_pub script to /home/jetson/flowbit/install/flowbit_nav/lib/flowbit_nav
[4.139s] Installing initialpose_pub script to /home/jetson/flowbit/install/flowbit_nav/lib/flowbit_nav
[4.140s] 
[4.140s] Installed /home/jetson/flowbit/build/flowbit_nav
[4.140s] running symlink_data
[4.265s] Invoked command in '/home/jetson/flowbit/build/flowbit_nav' returned '0': PYTHONPATH=/home/jetson/flowbit/build/flowbit_nav/prefix_override:/usr/lib/python3/dist-packages/colcon_core/task/python/colcon_distutils_commands:/home/jetson/flowbit/install/flowbit_nav/lib/python3.10/site-packages:${PYTHONPATH} /usr/bin/python3 -W ignore:setup.py install is deprecated -W ignore:easy_install command is deprecated setup.py develop --editable --build-directory /home/jetson/flowbit/build/flowbit_nav/build --no-deps symlink_data
