[2.227s] Invoking command in '/home/jetson/flowbit/build/flowbit_nav': PYTHONPATH=/home/jetson/flowbit/build/flowbit_nav/prefix_override:/usr/lib/python3/dist-packages/colcon_core/task/python/colcon_distutils_commands:/home/jetson/flowbit/install/flowbit_nav/lib/python3.10/site-packages:${PYTHONPATH} /usr/bin/python3 -W ignore:setup.py install is deprecated -W ignore:easy_install command is deprecated setup.py develop --editable --build-directory /home/jetson/flowbit/build/flowbit_nav/build --no-deps symlink_data
[2.654s] /home/jetson/.local/lib/python3.10/site-packages/setuptools/_distutils/dist.py:270: UserWarning: Unknown distribution option: 'tests_require'
[2.654s]   warnings.warn(msg)
[3.188s] running develop
[3.885s] running egg_info
[3.938s] writing flowbit_nav.egg-info/PKG-INFO
[3.939s] writing dependency_links to flowbit_nav.egg-info/dependency_links.txt
[3.940s] writing entry points to flowbit_nav.egg-info/entry_points.txt
[3.940s] writing requirements to flowbit_nav.egg-info/requires.txt
[3.940s] writing top-level names to flowbit_nav.egg-info/top_level.txt
[4.046s] reading manifest file 'flowbit_nav.egg-info/SOURCES.txt'
[4.048s] writing manifest file 'flowbit_nav.egg-info/SOURCES.txt'
[4.105s] running build_ext
[4.105s] Creating /home/jetson/flowbit/install/flowbit_nav/lib/python3.10/site-packages/flowbit-nav.egg-link (link to .)
[4.109s] Installing flowbit_nav script to /home/jetson/flowbit/install/flowbit_nav/lib/flowbit_nav
[4.109s] Installing goal_pose_pub script to /home/jetson/flowbit/install/flowbit_nav/lib/flowbit_nav
[4.109s] Installing initialpose_pub script to /home/jetson/flowbit/install/flowbit_nav/lib/flowbit_nav
[4.109s] 
[4.109s] Installed /home/jetson/flowbit/build/flowbit_nav
[4.110s] running symlink_data
[4.229s] Invoked command in '/home/jetson/flowbit/build/flowbit_nav' returned '0': PYTHONPATH=/home/jetson/flowbit/build/flowbit_nav/prefix_override:/usr/lib/python3/dist-packages/colcon_core/task/python/colcon_distutils_commands:/home/jetson/flowbit/install/flowbit_nav/lib/python3.10/site-packages:${PYTHONPATH} /usr/bin/python3 -W ignore:setup.py install is deprecated -W ignore:easy_install command is deprecated setup.py develop --editable --build-directory /home/jetson/flowbit/build/flowbit_nav/build --no-deps symlink_data
